10:15:46.707 [main] FATAL com.cohort4.cohort4jaxrsapp.dao.UserDao - This is a FATAL log
10:15:46.707 [main] FATAL com.cohort4.cohort4jaxrsapp.dao.UserDao - This is a FATAL log
10:15:46.712 [main] ERROR com.cohort4.cohort4jaxrsapp.dao.UserDao - This is a ERROR log
10:15:46.712 [main] ERROR com.cohort4.cohort4jaxrsapp.dao.UserDao - This is a ERROR log
10:15:46.712 [main] WARN  com.cohort4.cohort4jaxrsapp.dao.UserDao - This is a WARN log
10:15:46.712 [main] WARN  com.cohort4.cohort4jaxrsapp.dao.UserDao - This is a WARN log
10:15:46.713 [main] INFO  com.cohort4.cohort4jaxrsapp.dao.UserDao - This is a INFO log
10:15:46.713 [main] INFO  com.cohort4.cohort4jaxrsapp.dao.UserDao - This is a INFO log
10:15:46.713 [main] DEBUG com.cohort4.cohort4jaxrsapp.dao.UserDao - This is a DEBUG log
10:15:46.713 [main] DEBUG com.cohort4.cohort4jaxrsapp.dao.UserDao - This is a DEBUG log
10:15:46.713 [main] TRACE com.cohort4.cohort4jaxrsapp.dao.UserDao - This is a TRACE log
10:15:46.713 [main] TRACE com.cohort4.cohort4jaxrsapp.dao.UserDao - This is a TRACE log
10:15:46.715 [main] FATAL com.cohort4.cohort4jaxrsapp.dao.UserDao - This is a FATAL log
10:15:46.715 [main] FATAL com.cohort4.cohort4jaxrsapp.dao.UserDao - This is a FATAL log
10:15:46.716 [main] ERROR com.cohort4.cohort4jaxrsapp.dao.UserDao - This is a ERROR log
10:15:46.716 [main] ERROR com.cohort4.cohort4jaxrsapp.dao.UserDao - This is a ERROR log
10:15:46.716 [main] WARN  com.cohort4.cohort4jaxrsapp.dao.UserDao - This is a WARN log
10:15:46.716 [main] WARN  com.cohort4.cohort4jaxrsapp.dao.UserDao - This is a WARN log
10:15:46.716 [main] INFO  com.cohort4.cohort4jaxrsapp.dao.UserDao - This is a INFO log
10:15:46.716 [main] INFO  com.cohort4.cohort4jaxrsapp.dao.UserDao - This is a INFO log
10:15:46.716 [main] DEBUG com.cohort4.cohort4jaxrsapp.dao.UserDao - This is a DEBUG log
10:15:46.716 [main] DEBUG com.cohort4.cohort4jaxrsapp.dao.UserDao - This is a DEBUG log
10:15:46.716 [main] TRACE com.cohort4.cohort4jaxrsapp.dao.UserDao - This is a TRACE log
10:15:46.716 [main] TRACE com.cohort4.cohort4jaxrsapp.dao.UserDao - This is a TRACE log
11:07:10.738 [main] TRACE com.cohort4.cohort4jaxrsapp.dao.UserDao - 
11:07:10.738 [main] TRACE com.cohort4.cohort4jaxrsapp.dao.UserDao - 
11:07:10.746 [main] TRACE com.cohort4.cohort4jaxrsapp.dao.UserDao - 
11:07:10.746 [main] TRACE com.cohort4.cohort4jaxrsapp.dao.UserDao - 
11:08:58.606 [main] FATAL com.cohort4.cohort4jaxrsapp.dao.UserDao - This is a FATAL log
11:08:58.606 [main] FATAL com.cohort4.cohort4jaxrsapp.dao.UserDao - This is a FATAL log
11:08:58.612 [main] ERROR com.cohort4.cohort4jaxrsapp.dao.UserDao - This is a ERROR log
11:08:58.612 [main] ERROR com.cohort4.cohort4jaxrsapp.dao.UserDao - This is a ERROR log
11:08:58.612 [main] WARN  com.cohort4.cohort4jaxrsapp.dao.UserDao - This is a WARN log
11:08:58.612 [main] WARN  com.cohort4.cohort4jaxrsapp.dao.UserDao - This is a WARN log
11:08:58.612 [main] INFO  com.cohort4.cohort4jaxrsapp.dao.UserDao - This is a INFO log
11:08:58.612 [main] INFO  com.cohort4.cohort4jaxrsapp.dao.UserDao - This is a INFO log
11:08:58.612 [main] DEBUG com.cohort4.cohort4jaxrsapp.dao.UserDao - This is a DEBUG log
11:08:58.612 [main] DEBUG com.cohort4.cohort4jaxrsapp.dao.UserDao - This is a DEBUG log
11:08:58.613 [main] TRACE com.cohort4.cohort4jaxrsapp.dao.UserDao - This is a TRACE log
11:08:58.613 [main] TRACE com.cohort4.cohort4jaxrsapp.dao.UserDao - This is a TRACE log
11:08:58.615 [main] FATAL com.cohort4.cohort4jaxrsapp.dao.UserDao - This is a FATAL log
11:08:58.615 [main] FATAL com.cohort4.cohort4jaxrsapp.dao.UserDao - This is a FATAL log
11:08:58.615 [main] ERROR com.cohort4.cohort4jaxrsapp.dao.UserDao - This is a ERROR log
11:08:58.615 [main] ERROR com.cohort4.cohort4jaxrsapp.dao.UserDao - This is a ERROR log
11:08:58.615 [main] WARN  com.cohort4.cohort4jaxrsapp.dao.UserDao - This is a WARN log
11:08:58.615 [main] WARN  com.cohort4.cohort4jaxrsapp.dao.UserDao - This is a WARN log
11:08:58.616 [main] INFO  com.cohort4.cohort4jaxrsapp.dao.UserDao - This is a INFO log
11:08:58.616 [main] INFO  com.cohort4.cohort4jaxrsapp.dao.UserDao - This is a INFO log
11:08:58.616 [main] DEBUG com.cohort4.cohort4jaxrsapp.dao.UserDao - This is a DEBUG log
11:08:58.616 [main] DEBUG com.cohort4.cohort4jaxrsapp.dao.UserDao - This is a DEBUG log
11:08:58.616 [main] TRACE com.cohort4.cohort4jaxrsapp.dao.UserDao - This is a TRACE log
11:08:58.616 [main] TRACE com.cohort4.cohort4jaxrsapp.dao.UserDao - This is a TRACE log
11:09:13.834 [main] FATAL com.cohort4.cohort4jaxrsapp.dao.UserDao - This is a FATAL log
11:09:13.834 [main] FATAL com.cohort4.cohort4jaxrsapp.dao.UserDao - This is a FATAL log
11:09:13.840 [main] ERROR com.cohort4.cohort4jaxrsapp.dao.UserDao - This is a ERROR log
11:09:13.840 [main] ERROR com.cohort4.cohort4jaxrsapp.dao.UserDao - This is a ERROR log
11:09:13.840 [main] WARN  com.cohort4.cohort4jaxrsapp.dao.UserDao - This is a WARN log
11:09:13.840 [main] WARN  com.cohort4.cohort4jaxrsapp.dao.UserDao - This is a WARN log
11:09:13.840 [main] INFO  com.cohort4.cohort4jaxrsapp.dao.UserDao - This is a INFO log
11:09:13.840 [main] INFO  com.cohort4.cohort4jaxrsapp.dao.UserDao - This is a INFO log
11:09:13.841 [main] DEBUG com.cohort4.cohort4jaxrsapp.dao.UserDao - This is a DEBUG log
11:09:13.841 [main] DEBUG com.cohort4.cohort4jaxrsapp.dao.UserDao - This is a DEBUG log
11:09:13.841 [main] TRACE com.cohort4.cohort4jaxrsapp.dao.UserDao - This is a TRACE log
11:09:13.841 [main] TRACE com.cohort4.cohort4jaxrsapp.dao.UserDao - This is a TRACE log
11:09:13.843 [main] FATAL com.cohort4.cohort4jaxrsapp.dao.UserDao - This is a FATAL log
11:09:13.843 [main] FATAL com.cohort4.cohort4jaxrsapp.dao.UserDao - This is a FATAL log
11:09:13.844 [main] ERROR com.cohort4.cohort4jaxrsapp.dao.UserDao - This is a ERROR log
11:09:13.844 [main] ERROR com.cohort4.cohort4jaxrsapp.dao.UserDao - This is a ERROR log
11:09:13.844 [main] WARN  com.cohort4.cohort4jaxrsapp.dao.UserDao - This is a WARN log
11:09:13.844 [main] WARN  com.cohort4.cohort4jaxrsapp.dao.UserDao - This is a WARN log
11:09:13.844 [main] INFO  com.cohort4.cohort4jaxrsapp.dao.UserDao - This is a INFO log
11:09:13.844 [main] INFO  com.cohort4.cohort4jaxrsapp.dao.UserDao - This is a INFO log
11:09:13.844 [main] DEBUG com.cohort4.cohort4jaxrsapp.dao.UserDao - This is a DEBUG log
11:09:13.844 [main] DEBUG com.cohort4.cohort4jaxrsapp.dao.UserDao - This is a DEBUG log
11:09:13.851 [main] TRACE com.cohort4.cohort4jaxrsapp.dao.UserDao - This is a TRACE log
11:09:13.851 [main] TRACE com.cohort4.cohort4jaxrsapp.dao.UserDao - This is a TRACE log
11:18:40.082 [main] FATAL com.cohort4.cohort4jaxrsapp.dao.UserDao - This is a FATAL log
11:18:40.082 [main] FATAL com.cohort4.cohort4jaxrsapp.dao.UserDao - This is a FATAL log
11:18:40.090 [main] ERROR com.cohort4.cohort4jaxrsapp.dao.UserDao - This is a ERROR log
11:18:40.090 [main] ERROR com.cohort4.cohort4jaxrsapp.dao.UserDao - This is a ERROR log
11:18:40.090 [main] WARN  com.cohort4.cohort4jaxrsapp.dao.UserDao - This is a WARN log
11:18:40.090 [main] WARN  com.cohort4.cohort4jaxrsapp.dao.UserDao - This is a WARN log
11:18:40.090 [main] INFO  com.cohort4.cohort4jaxrsapp.dao.UserDao - This is a INFO log
11:18:40.090 [main] INFO  com.cohort4.cohort4jaxrsapp.dao.UserDao - This is a INFO log
11:18:40.090 [main] DEBUG com.cohort4.cohort4jaxrsapp.dao.UserDao - This is a DEBUG log
11:18:40.090 [main] DEBUG com.cohort4.cohort4jaxrsapp.dao.UserDao - This is a DEBUG log
11:18:40.091 [main] TRACE com.cohort4.cohort4jaxrsapp.dao.UserDao - This is a TRACE log
11:18:40.091 [main] TRACE com.cohort4.cohort4jaxrsapp.dao.UserDao - This is a TRACE log
11:18:40.093 [main] FATAL com.cohort4.cohort4jaxrsapp.dao.UserDao - This is a FATAL log
11:18:40.093 [main] FATAL com.cohort4.cohort4jaxrsapp.dao.UserDao - This is a FATAL log
11:18:40.093 [main] ERROR com.cohort4.cohort4jaxrsapp.dao.UserDao - This is a ERROR log
11:18:40.093 [main] ERROR com.cohort4.cohort4jaxrsapp.dao.UserDao - This is a ERROR log
11:18:40.094 [main] WARN  com.cohort4.cohort4jaxrsapp.dao.UserDao - This is a WARN log
11:18:40.094 [main] WARN  com.cohort4.cohort4jaxrsapp.dao.UserDao - This is a WARN log
11:18:40.094 [main] INFO  com.cohort4.cohort4jaxrsapp.dao.UserDao - This is a INFO log
11:18:40.094 [main] INFO  com.cohort4.cohort4jaxrsapp.dao.UserDao - This is a INFO log
11:18:40.094 [main] DEBUG com.cohort4.cohort4jaxrsapp.dao.UserDao - This is a DEBUG log
11:18:40.094 [main] DEBUG com.cohort4.cohort4jaxrsapp.dao.UserDao - This is a DEBUG log
11:18:40.094 [main] TRACE com.cohort4.cohort4jaxrsapp.dao.UserDao - This is a TRACE log
11:18:40.094 [main] TRACE com.cohort4.cohort4jaxrsapp.dao.UserDao - This is a TRACE log
11:18:43.523 [main] FATAL com.cohort4.cohort4jaxrsapp.dao.UserDao - This is a FATAL log
11:18:43.523 [main] FATAL com.cohort4.cohort4jaxrsapp.dao.UserDao - This is a FATAL log
11:18:43.527 [main] ERROR com.cohort4.cohort4jaxrsapp.dao.UserDao - This is a ERROR log
11:18:43.527 [main] ERROR com.cohort4.cohort4jaxrsapp.dao.UserDao - This is a ERROR log
11:18:43.528 [main] WARN  com.cohort4.cohort4jaxrsapp.dao.UserDao - This is a WARN log
11:18:43.528 [main] WARN  com.cohort4.cohort4jaxrsapp.dao.UserDao - This is a WARN log
11:18:43.528 [main] INFO  com.cohort4.cohort4jaxrsapp.dao.UserDao - This is a INFO log
11:18:43.528 [main] INFO  com.cohort4.cohort4jaxrsapp.dao.UserDao - This is a INFO log
11:18:43.528 [main] DEBUG com.cohort4.cohort4jaxrsapp.dao.UserDao - This is a DEBUG log
11:18:43.528 [main] DEBUG com.cohort4.cohort4jaxrsapp.dao.UserDao - This is a DEBUG log
11:18:43.528 [main] TRACE com.cohort4.cohort4jaxrsapp.dao.UserDao - This is a TRACE log
11:18:43.528 [main] TRACE com.cohort4.cohort4jaxrsapp.dao.UserDao - This is a TRACE log
11:18:43.530 [main] FATAL com.cohort4.cohort4jaxrsapp.dao.UserDao - This is a FATAL log
11:18:43.530 [main] FATAL com.cohort4.cohort4jaxrsapp.dao.UserDao - This is a FATAL log
11:18:43.530 [main] ERROR com.cohort4.cohort4jaxrsapp.dao.UserDao - This is a ERROR log
11:18:43.530 [main] ERROR com.cohort4.cohort4jaxrsapp.dao.UserDao - This is a ERROR log
11:18:43.530 [main] WARN  com.cohort4.cohort4jaxrsapp.dao.UserDao - This is a WARN log
11:18:43.530 [main] WARN  com.cohort4.cohort4jaxrsapp.dao.UserDao - This is a WARN log
11:18:43.531 [main] INFO  com.cohort4.cohort4jaxrsapp.dao.UserDao - This is a INFO log
11:18:43.531 [main] INFO  com.cohort4.cohort4jaxrsapp.dao.UserDao - This is a INFO log
11:18:43.531 [main] DEBUG com.cohort4.cohort4jaxrsapp.dao.UserDao - This is a DEBUG log
11:18:43.531 [main] DEBUG com.cohort4.cohort4jaxrsapp.dao.UserDao - This is a DEBUG log
11:18:43.537 [main] TRACE com.cohort4.cohort4jaxrsapp.dao.UserDao - This is a TRACE log
11:18:43.537 [main] TRACE com.cohort4.cohort4jaxrsapp.dao.UserDao - This is a TRACE log
11:19:48.028 [main] FATAL com.cohort4.cohort4jaxrsapp.dao.UserDao - This is a FATAL log
11:19:48.028 [main] FATAL com.cohort4.cohort4jaxrsapp.dao.UserDao - This is a FATAL log
11:19:48.034 [main] ERROR com.cohort4.cohort4jaxrsapp.dao.UserDao - This is a ERROR log
11:19:48.034 [main] ERROR com.cohort4.cohort4jaxrsapp.dao.UserDao - This is a ERROR log
11:19:48.034 [main] WARN  com.cohort4.cohort4jaxrsapp.dao.UserDao - This is a WARN log
11:19:48.034 [main] WARN  com.cohort4.cohort4jaxrsapp.dao.UserDao - This is a WARN log
11:19:48.035 [main] INFO  com.cohort4.cohort4jaxrsapp.dao.UserDao - This is a INFO log
11:19:48.035 [main] INFO  com.cohort4.cohort4jaxrsapp.dao.UserDao - This is a INFO log
11:19:48.035 [main] DEBUG com.cohort4.cohort4jaxrsapp.dao.UserDao - This is a DEBUG log
11:19:48.035 [main] DEBUG com.cohort4.cohort4jaxrsapp.dao.UserDao - This is a DEBUG log
11:19:48.035 [main] TRACE com.cohort4.cohort4jaxrsapp.dao.UserDao - This is a TRACE log
11:19:48.035 [main] TRACE com.cohort4.cohort4jaxrsapp.dao.UserDao - This is a TRACE log
11:19:48.037 [main] FATAL com.cohort4.cohort4jaxrsapp.dao.UserDao - This is a FATAL log
11:19:48.037 [main] FATAL com.cohort4.cohort4jaxrsapp.dao.UserDao - This is a FATAL log
11:19:48.038 [main] ERROR com.cohort4.cohort4jaxrsapp.dao.UserDao - This is a ERROR log
11:19:48.038 [main] ERROR com.cohort4.cohort4jaxrsapp.dao.UserDao - This is a ERROR log
11:19:48.038 [main] WARN  com.cohort4.cohort4jaxrsapp.dao.UserDao - This is a WARN log
11:19:48.038 [main] WARN  com.cohort4.cohort4jaxrsapp.dao.UserDao - This is a WARN log
11:19:48.038 [main] INFO  com.cohort4.cohort4jaxrsapp.dao.UserDao - This is a INFO log
11:19:48.038 [main] INFO  com.cohort4.cohort4jaxrsapp.dao.UserDao - This is a INFO log
11:19:48.038 [main] DEBUG com.cohort4.cohort4jaxrsapp.dao.UserDao - This is a DEBUG log
11:19:48.038 [main] DEBUG com.cohort4.cohort4jaxrsapp.dao.UserDao - This is a DEBUG log
11:19:48.038 [main] TRACE com.cohort4.cohort4jaxrsapp.dao.UserDao - This is a TRACE log
11:19:48.038 [main] TRACE com.cohort4.cohort4jaxrsapp.dao.UserDao - This is a TRACE log
11:19:50.636 [main] FATAL com.cohort4.cohort4jaxrsapp.dao.UserDao - This is a FATAL log
11:19:50.636 [main] FATAL com.cohort4.cohort4jaxrsapp.dao.UserDao - This is a FATAL log
11:19:50.640 [main] ERROR com.cohort4.cohort4jaxrsapp.dao.UserDao - This is a ERROR log
11:19:50.640 [main] ERROR com.cohort4.cohort4jaxrsapp.dao.UserDao - This is a ERROR log
11:19:50.640 [main] WARN  com.cohort4.cohort4jaxrsapp.dao.UserDao - This is a WARN log
11:19:50.640 [main] WARN  com.cohort4.cohort4jaxrsapp.dao.UserDao - This is a WARN log
11:19:50.640 [main] INFO  com.cohort4.cohort4jaxrsapp.dao.UserDao - This is a INFO log
11:19:50.640 [main] INFO  com.cohort4.cohort4jaxrsapp.dao.UserDao - This is a INFO log
11:19:50.640 [main] DEBUG com.cohort4.cohort4jaxrsapp.dao.UserDao - This is a DEBUG log
11:19:50.640 [main] DEBUG com.cohort4.cohort4jaxrsapp.dao.UserDao - This is a DEBUG log
11:19:50.640 [main] TRACE com.cohort4.cohort4jaxrsapp.dao.UserDao - This is a TRACE log
11:19:50.640 [main] TRACE com.cohort4.cohort4jaxrsapp.dao.UserDao - This is a TRACE log
11:19:50.642 [main] FATAL com.cohort4.cohort4jaxrsapp.dao.UserDao - This is a FATAL log
11:19:50.642 [main] FATAL com.cohort4.cohort4jaxrsapp.dao.UserDao - This is a FATAL log
11:19:50.643 [main] ERROR com.cohort4.cohort4jaxrsapp.dao.UserDao - This is a ERROR log
11:19:50.643 [main] ERROR com.cohort4.cohort4jaxrsapp.dao.UserDao - This is a ERROR log
11:19:50.643 [main] WARN  com.cohort4.cohort4jaxrsapp.dao.UserDao - This is a WARN log
11:19:50.643 [main] WARN  com.cohort4.cohort4jaxrsapp.dao.UserDao - This is a WARN log
11:19:50.643 [main] INFO  com.cohort4.cohort4jaxrsapp.dao.UserDao - This is a INFO log
11:19:50.643 [main] INFO  com.cohort4.cohort4jaxrsapp.dao.UserDao - This is a INFO log
11:19:50.643 [main] DEBUG com.cohort4.cohort4jaxrsapp.dao.UserDao - This is a DEBUG log
11:19:50.643 [main] DEBUG com.cohort4.cohort4jaxrsapp.dao.UserDao - This is a DEBUG log
11:19:50.649 [main] TRACE com.cohort4.cohort4jaxrsapp.dao.UserDao - This is a TRACE log
11:19:50.649 [main] TRACE com.cohort4.cohort4jaxrsapp.dao.UserDao - This is a TRACE log
11:19:52.968 [main] FATAL com.cohort4.cohort4jaxrsapp.dao.UserDao - This is a FATAL log
11:19:52.968 [main] FATAL com.cohort4.cohort4jaxrsapp.dao.UserDao - This is a FATAL log
11:19:52.973 [main] ERROR com.cohort4.cohort4jaxrsapp.dao.UserDao - This is a ERROR log
11:19:52.973 [main] ERROR com.cohort4.cohort4jaxrsapp.dao.UserDao - This is a ERROR log
11:19:52.973 [main] WARN  com.cohort4.cohort4jaxrsapp.dao.UserDao - This is a WARN log
11:19:52.973 [main] WARN  com.cohort4.cohort4jaxrsapp.dao.UserDao - This is a WARN log
11:19:52.973 [main] INFO  com.cohort4.cohort4jaxrsapp.dao.UserDao - This is a INFO log
11:19:52.973 [main] INFO  com.cohort4.cohort4jaxrsapp.dao.UserDao - This is a INFO log
11:19:52.973 [main] DEBUG com.cohort4.cohort4jaxrsapp.dao.UserDao - This is a DEBUG log
11:19:52.973 [main] DEBUG com.cohort4.cohort4jaxrsapp.dao.UserDao - This is a DEBUG log
11:19:52.974 [main] TRACE com.cohort4.cohort4jaxrsapp.dao.UserDao - This is a TRACE log
11:19:52.974 [main] TRACE com.cohort4.cohort4jaxrsapp.dao.UserDao - This is a TRACE log
11:19:52.975 [main] FATAL com.cohort4.cohort4jaxrsapp.dao.UserDao - This is a FATAL log
11:19:52.975 [main] FATAL com.cohort4.cohort4jaxrsapp.dao.UserDao - This is a FATAL log
11:19:52.976 [main] ERROR com.cohort4.cohort4jaxrsapp.dao.UserDao - This is a ERROR log
11:19:52.976 [main] ERROR com.cohort4.cohort4jaxrsapp.dao.UserDao - This is a ERROR log
11:19:52.976 [main] WARN  com.cohort4.cohort4jaxrsapp.dao.UserDao - This is a WARN log
11:19:52.976 [main] WARN  com.cohort4.cohort4jaxrsapp.dao.UserDao - This is a WARN log
11:19:52.976 [main] INFO  com.cohort4.cohort4jaxrsapp.dao.UserDao - This is a INFO log
11:19:52.976 [main] INFO  com.cohort4.cohort4jaxrsapp.dao.UserDao - This is a INFO log
11:19:52.976 [main] DEBUG com.cohort4.cohort4jaxrsapp.dao.UserDao - This is a DEBUG log
11:19:52.976 [main] DEBUG com.cohort4.cohort4jaxrsapp.dao.UserDao - This is a DEBUG log
11:19:52.977 [main] TRACE com.cohort4.cohort4jaxrsapp.dao.UserDao - This is a TRACE log
11:19:52.977 [main] TRACE com.cohort4.cohort4jaxrsapp.dao.UserDao - This is a TRACE log
11:20:10.483 [main] FATAL com.cohort4.cohort4jaxrsapp.dao.UserDao - This is a FATAL log
11:20:10.483 [main] FATAL com.cohort4.cohort4jaxrsapp.dao.UserDao - This is a FATAL log
11:20:10.487 [main] ERROR com.cohort4.cohort4jaxrsapp.dao.UserDao - This is a ERROR log
11:20:10.487 [main] ERROR com.cohort4.cohort4jaxrsapp.dao.UserDao - This is a ERROR log
11:20:10.488 [main] WARN  com.cohort4.cohort4jaxrsapp.dao.UserDao - This is a WARN log
11:20:10.488 [main] WARN  com.cohort4.cohort4jaxrsapp.dao.UserDao - This is a WARN log
11:20:10.488 [main] INFO  com.cohort4.cohort4jaxrsapp.dao.UserDao - This is a INFO log
11:20:10.488 [main] INFO  com.cohort4.cohort4jaxrsapp.dao.UserDao - This is a INFO log
11:20:10.488 [main] DEBUG com.cohort4.cohort4jaxrsapp.dao.UserDao - This is a DEBUG log
11:20:10.488 [main] DEBUG com.cohort4.cohort4jaxrsapp.dao.UserDao - This is a DEBUG log
11:20:10.488 [main] TRACE com.cohort4.cohort4jaxrsapp.dao.UserDao - This is a TRACE log
11:20:10.488 [main] TRACE com.cohort4.cohort4jaxrsapp.dao.UserDao - This is a TRACE log
11:20:10.490 [main] FATAL com.cohort4.cohort4jaxrsapp.dao.UserDao - This is a FATAL log
11:20:10.490 [main] FATAL com.cohort4.cohort4jaxrsapp.dao.UserDao - This is a FATAL log
11:20:10.491 [main] ERROR com.cohort4.cohort4jaxrsapp.dao.UserDao - This is a ERROR log
11:20:10.491 [main] ERROR com.cohort4.cohort4jaxrsapp.dao.UserDao - This is a ERROR log
11:20:10.491 [main] WARN  com.cohort4.cohort4jaxrsapp.dao.UserDao - This is a WARN log
11:20:10.491 [main] WARN  com.cohort4.cohort4jaxrsapp.dao.UserDao - This is a WARN log
11:20:10.491 [main] INFO  com.cohort4.cohort4jaxrsapp.dao.UserDao - This is a INFO log
11:20:10.491 [main] INFO  com.cohort4.cohort4jaxrsapp.dao.UserDao - This is a INFO log
11:20:10.491 [main] DEBUG com.cohort4.cohort4jaxrsapp.dao.UserDao - This is a DEBUG log
11:20:10.491 [main] DEBUG com.cohort4.cohort4jaxrsapp.dao.UserDao - This is a DEBUG log
11:20:10.496 [main] TRACE com.cohort4.cohort4jaxrsapp.dao.UserDao - This is a TRACE log
11:20:10.496 [main] TRACE com.cohort4.cohort4jaxrsapp.dao.UserDao - This is a TRACE log
11:20:51.050 [main] FATAL com.cohort4.cohort4jaxrsapp.dao.UserDao - This is a FATAL log
11:20:51.050 [main] FATAL com.cohort4.cohort4jaxrsapp.dao.UserDao - This is a FATAL log
11:20:51.054 [main] ERROR com.cohort4.cohort4jaxrsapp.dao.UserDao - This is a ERROR log
11:20:51.054 [main] ERROR com.cohort4.cohort4jaxrsapp.dao.UserDao - This is a ERROR log
11:20:51.054 [main] WARN  com.cohort4.cohort4jaxrsapp.dao.UserDao - This is a WARN log
11:20:51.054 [main] WARN  com.cohort4.cohort4jaxrsapp.dao.UserDao - This is a WARN log
11:20:51.055 [main] INFO  com.cohort4.cohort4jaxrsapp.dao.UserDao - This is a INFO log
11:20:51.055 [main] INFO  com.cohort4.cohort4jaxrsapp.dao.UserDao - This is a INFO log
11:20:51.055 [main] DEBUG com.cohort4.cohort4jaxrsapp.dao.UserDao - This is a DEBUG log
11:20:51.055 [main] DEBUG com.cohort4.cohort4jaxrsapp.dao.UserDao - This is a DEBUG log
11:20:51.055 [main] TRACE com.cohort4.cohort4jaxrsapp.dao.UserDao - This is a TRACE log
11:20:51.055 [main] TRACE com.cohort4.cohort4jaxrsapp.dao.UserDao - This is a TRACE log
11:20:51.057 [main] FATAL com.cohort4.cohort4jaxrsapp.dao.UserDao - This is a FATAL log
11:20:51.057 [main] FATAL com.cohort4.cohort4jaxrsapp.dao.UserDao - This is a FATAL log
11:20:51.058 [main] ERROR com.cohort4.cohort4jaxrsapp.dao.UserDao - This is a ERROR log
11:20:51.058 [main] ERROR com.cohort4.cohort4jaxrsapp.dao.UserDao - This is a ERROR log
11:20:51.058 [main] WARN  com.cohort4.cohort4jaxrsapp.dao.UserDao - This is a WARN log
11:20:51.058 [main] WARN  com.cohort4.cohort4jaxrsapp.dao.UserDao - This is a WARN log
11:20:51.058 [main] INFO  com.cohort4.cohort4jaxrsapp.dao.UserDao - This is a INFO log
11:20:51.058 [main] INFO  com.cohort4.cohort4jaxrsapp.dao.UserDao - This is a INFO log
11:20:51.058 [main] DEBUG com.cohort4.cohort4jaxrsapp.dao.UserDao - This is a DEBUG log
11:20:51.058 [main] DEBUG com.cohort4.cohort4jaxrsapp.dao.UserDao - This is a DEBUG log
11:20:51.058 [main] TRACE com.cohort4.cohort4jaxrsapp.dao.UserDao - This is a TRACE log
11:20:51.058 [main] TRACE com.cohort4.cohort4jaxrsapp.dao.UserDao - This is a TRACE log
11:20:52.790 [main] FATAL com.cohort4.cohort4jaxrsapp.dao.UserDao - This is a FATAL log
11:20:52.790 [main] FATAL com.cohort4.cohort4jaxrsapp.dao.UserDao - This is a FATAL log
11:20:52.794 [main] ERROR com.cohort4.cohort4jaxrsapp.dao.UserDao - This is a ERROR log
11:20:52.794 [main] ERROR com.cohort4.cohort4jaxrsapp.dao.UserDao - This is a ERROR log
11:20:52.794 [main] WARN  com.cohort4.cohort4jaxrsapp.dao.UserDao - This is a WARN log
11:20:52.794 [main] WARN  com.cohort4.cohort4jaxrsapp.dao.UserDao - This is a WARN log
11:20:52.794 [main] INFO  com.cohort4.cohort4jaxrsapp.dao.UserDao - This is a INFO log
11:20:52.794 [main] INFO  com.cohort4.cohort4jaxrsapp.dao.UserDao - This is a INFO log
11:20:52.794 [main] DEBUG com.cohort4.cohort4jaxrsapp.dao.UserDao - This is a DEBUG log
11:20:52.794 [main] DEBUG com.cohort4.cohort4jaxrsapp.dao.UserDao - This is a DEBUG log
11:20:52.795 [main] TRACE com.cohort4.cohort4jaxrsapp.dao.UserDao - This is a TRACE log
11:20:52.795 [main] TRACE com.cohort4.cohort4jaxrsapp.dao.UserDao - This is a TRACE log
11:20:52.797 [main] FATAL com.cohort4.cohort4jaxrsapp.dao.UserDao - This is a FATAL log
11:20:52.797 [main] FATAL com.cohort4.cohort4jaxrsapp.dao.UserDao - This is a FATAL log
11:20:52.797 [main] ERROR com.cohort4.cohort4jaxrsapp.dao.UserDao - This is a ERROR log
11:20:52.797 [main] ERROR com.cohort4.cohort4jaxrsapp.dao.UserDao - This is a ERROR log
11:20:52.797 [main] WARN  com.cohort4.cohort4jaxrsapp.dao.UserDao - This is a WARN log
11:20:52.797 [main] WARN  com.cohort4.cohort4jaxrsapp.dao.UserDao - This is a WARN log
11:20:52.797 [main] INFO  com.cohort4.cohort4jaxrsapp.dao.UserDao - This is a INFO log
11:20:52.797 [main] INFO  com.cohort4.cohort4jaxrsapp.dao.UserDao - This is a INFO log
11:20:52.797 [main] DEBUG com.cohort4.cohort4jaxrsapp.dao.UserDao - This is a DEBUG log
11:20:52.797 [main] DEBUG com.cohort4.cohort4jaxrsapp.dao.UserDao - This is a DEBUG log
11:20:52.802 [main] TRACE com.cohort4.cohort4jaxrsapp.dao.UserDao - This is a TRACE log
11:20:52.802 [main] TRACE com.cohort4.cohort4jaxrsapp.dao.UserDao - This is a TRACE log
11:20:54.560 [main] FATAL com.cohort4.cohort4jaxrsapp.dao.UserDao - This is a FATAL log
11:20:54.560 [main] FATAL com.cohort4.cohort4jaxrsapp.dao.UserDao - This is a FATAL log
11:20:54.564 [main] ERROR com.cohort4.cohort4jaxrsapp.dao.UserDao - This is a ERROR log
11:20:54.564 [main] ERROR com.cohort4.cohort4jaxrsapp.dao.UserDao - This is a ERROR log
11:20:54.564 [main] WARN  com.cohort4.cohort4jaxrsapp.dao.UserDao - This is a WARN log
11:20:54.564 [main] WARN  com.cohort4.cohort4jaxrsapp.dao.UserDao - This is a WARN log
11:20:54.565 [main] INFO  com.cohort4.cohort4jaxrsapp.dao.UserDao - This is a INFO log
11:20:54.565 [main] INFO  com.cohort4.cohort4jaxrsapp.dao.UserDao - This is a INFO log
11:20:54.565 [main] DEBUG com.cohort4.cohort4jaxrsapp.dao.UserDao - This is a DEBUG log
11:20:54.565 [main] DEBUG com.cohort4.cohort4jaxrsapp.dao.UserDao - This is a DEBUG log
11:20:54.565 [main] TRACE com.cohort4.cohort4jaxrsapp.dao.UserDao - This is a TRACE log
11:20:54.565 [main] TRACE com.cohort4.cohort4jaxrsapp.dao.UserDao - This is a TRACE log
11:20:54.567 [main] FATAL com.cohort4.cohort4jaxrsapp.dao.UserDao - This is a FATAL log
11:20:54.567 [main] FATAL com.cohort4.cohort4jaxrsapp.dao.UserDao - This is a FATAL log
11:20:54.567 [main] ERROR com.cohort4.cohort4jaxrsapp.dao.UserDao - This is a ERROR log
11:20:54.567 [main] ERROR com.cohort4.cohort4jaxrsapp.dao.UserDao - This is a ERROR log
11:20:54.567 [main] WARN  com.cohort4.cohort4jaxrsapp.dao.UserDao - This is a WARN log
11:20:54.567 [main] WARN  com.cohort4.cohort4jaxrsapp.dao.UserDao - This is a WARN log
11:20:54.567 [main] INFO  com.cohort4.cohort4jaxrsapp.dao.UserDao - This is a INFO log
11:20:54.567 [main] INFO  com.cohort4.cohort4jaxrsapp.dao.UserDao - This is a INFO log
11:20:54.567 [main] DEBUG com.cohort4.cohort4jaxrsapp.dao.UserDao - This is a DEBUG log
11:20:54.567 [main] DEBUG com.cohort4.cohort4jaxrsapp.dao.UserDao - This is a DEBUG log
11:20:54.567 [main] TRACE com.cohort4.cohort4jaxrsapp.dao.UserDao - This is a TRACE log
11:20:54.567 [main] TRACE com.cohort4.cohort4jaxrsapp.dao.UserDao - This is a TRACE log
11:20:56.249 [main] FATAL com.cohort4.cohort4jaxrsapp.dao.UserDao - This is a FATAL log
11:20:56.249 [main] FATAL com.cohort4.cohort4jaxrsapp.dao.UserDao - This is a FATAL log
11:20:56.253 [main] ERROR com.cohort4.cohort4jaxrsapp.dao.UserDao - This is a ERROR log
11:20:56.253 [main] ERROR com.cohort4.cohort4jaxrsapp.dao.UserDao - This is a ERROR log
11:20:56.253 [main] WARN  com.cohort4.cohort4jaxrsapp.dao.UserDao - This is a WARN log
11:20:56.253 [main] WARN  com.cohort4.cohort4jaxrsapp.dao.UserDao - This is a WARN log
11:20:56.253 [main] INFO  com.cohort4.cohort4jaxrsapp.dao.UserDao - This is a INFO log
11:20:56.253 [main] INFO  com.cohort4.cohort4jaxrsapp.dao.UserDao - This is a INFO log
11:20:56.253 [main] DEBUG com.cohort4.cohort4jaxrsapp.dao.UserDao - This is a DEBUG log
11:20:56.253 [main] DEBUG com.cohort4.cohort4jaxrsapp.dao.UserDao - This is a DEBUG log
11:20:56.254 [main] TRACE com.cohort4.cohort4jaxrsapp.dao.UserDao - This is a TRACE log
11:20:56.254 [main] TRACE com.cohort4.cohort4jaxrsapp.dao.UserDao - This is a TRACE log
11:20:56.256 [main] FATAL com.cohort4.cohort4jaxrsapp.dao.UserDao - This is a FATAL log
11:20:56.256 [main] FATAL com.cohort4.cohort4jaxrsapp.dao.UserDao - This is a FATAL log
11:20:56.256 [main] ERROR com.cohort4.cohort4jaxrsapp.dao.UserDao - This is a ERROR log
11:20:56.256 [main] ERROR com.cohort4.cohort4jaxrsapp.dao.UserDao - This is a ERROR log
11:20:56.256 [main] WARN  com.cohort4.cohort4jaxrsapp.dao.UserDao - This is a WARN log
11:20:56.256 [main] WARN  com.cohort4.cohort4jaxrsapp.dao.UserDao - This is a WARN log
11:20:56.256 [main] INFO  com.cohort4.cohort4jaxrsapp.dao.UserDao - This is a INFO log
11:20:56.256 [main] INFO  com.cohort4.cohort4jaxrsapp.dao.UserDao - This is a INFO log
11:20:56.256 [main] DEBUG com.cohort4.cohort4jaxrsapp.dao.UserDao - This is a DEBUG log
11:20:56.256 [main] DEBUG com.cohort4.cohort4jaxrsapp.dao.UserDao - This is a DEBUG log
11:20:56.262 [main] TRACE com.cohort4.cohort4jaxrsapp.dao.UserDao - This is a TRACE log
11:20:56.262 [main] TRACE com.cohort4.cohort4jaxrsapp.dao.UserDao - This is a TRACE log
11:20:58.047 [main] FATAL com.cohort4.cohort4jaxrsapp.dao.UserDao - This is a FATAL log
11:20:58.047 [main] FATAL com.cohort4.cohort4jaxrsapp.dao.UserDao - This is a FATAL log
11:20:58.053 [main] ERROR com.cohort4.cohort4jaxrsapp.dao.UserDao - This is a ERROR log
11:20:58.053 [main] ERROR com.cohort4.cohort4jaxrsapp.dao.UserDao - This is a ERROR log
11:20:58.053 [main] WARN  com.cohort4.cohort4jaxrsapp.dao.UserDao - This is a WARN log
11:20:58.053 [main] WARN  com.cohort4.cohort4jaxrsapp.dao.UserDao - This is a WARN log
11:20:58.053 [main] INFO  com.cohort4.cohort4jaxrsapp.dao.UserDao - This is a INFO log
11:20:58.053 [main] INFO  com.cohort4.cohort4jaxrsapp.dao.UserDao - This is a INFO log
11:20:58.053 [main] DEBUG com.cohort4.cohort4jaxrsapp.dao.UserDao - This is a DEBUG log
11:20:58.053 [main] DEBUG com.cohort4.cohort4jaxrsapp.dao.UserDao - This is a DEBUG log
11:20:58.054 [main] TRACE com.cohort4.cohort4jaxrsapp.dao.UserDao - This is a TRACE log
11:20:58.054 [main] TRACE com.cohort4.cohort4jaxrsapp.dao.UserDao - This is a TRACE log
11:20:58.056 [main] FATAL com.cohort4.cohort4jaxrsapp.dao.UserDao - This is a FATAL log
11:20:58.056 [main] FATAL com.cohort4.cohort4jaxrsapp.dao.UserDao - This is a FATAL log
11:20:58.056 [main] ERROR com.cohort4.cohort4jaxrsapp.dao.UserDao - This is a ERROR log
11:20:58.056 [main] ERROR com.cohort4.cohort4jaxrsapp.dao.UserDao - This is a ERROR log
11:20:58.056 [main] WARN  com.cohort4.cohort4jaxrsapp.dao.UserDao - This is a WARN log
11:20:58.056 [main] WARN  com.cohort4.cohort4jaxrsapp.dao.UserDao - This is a WARN log
11:20:58.057 [main] INFO  com.cohort4.cohort4jaxrsapp.dao.UserDao - This is a INFO log
11:20:58.057 [main] INFO  com.cohort4.cohort4jaxrsapp.dao.UserDao - This is a INFO log
11:20:58.057 [main] DEBUG com.cohort4.cohort4jaxrsapp.dao.UserDao - This is a DEBUG log
11:20:58.057 [main] DEBUG com.cohort4.cohort4jaxrsapp.dao.UserDao - This is a DEBUG log
11:20:58.057 [main] TRACE com.cohort4.cohort4jaxrsapp.dao.UserDao - This is a TRACE log
11:20:58.057 [main] TRACE com.cohort4.cohort4jaxrsapp.dao.UserDao - This is a TRACE log
11:20:59.478 [main] FATAL com.cohort4.cohort4jaxrsapp.dao.UserDao - This is a FATAL log
11:20:59.478 [main] FATAL com.cohort4.cohort4jaxrsapp.dao.UserDao - This is a FATAL log
11:20:59.482 [main] ERROR com.cohort4.cohort4jaxrsapp.dao.UserDao - This is a ERROR log
11:20:59.482 [main] ERROR com.cohort4.cohort4jaxrsapp.dao.UserDao - This is a ERROR log
11:20:59.482 [main] WARN  com.cohort4.cohort4jaxrsapp.dao.UserDao - This is a WARN log
11:20:59.482 [main] WARN  com.cohort4.cohort4jaxrsapp.dao.UserDao - This is a WARN log
11:20:59.483 [main] INFO  com.cohort4.cohort4jaxrsapp.dao.UserDao - This is a INFO log
11:20:59.483 [main] INFO  com.cohort4.cohort4jaxrsapp.dao.UserDao - This is a INFO log
11:20:59.483 [main] DEBUG com.cohort4.cohort4jaxrsapp.dao.UserDao - This is a DEBUG log
11:20:59.483 [main] DEBUG com.cohort4.cohort4jaxrsapp.dao.UserDao - This is a DEBUG log
11:20:59.483 [main] TRACE com.cohort4.cohort4jaxrsapp.dao.UserDao - This is a TRACE log
11:20:59.483 [main] TRACE com.cohort4.cohort4jaxrsapp.dao.UserDao - This is a TRACE log
11:20:59.485 [main] FATAL com.cohort4.cohort4jaxrsapp.dao.UserDao - This is a FATAL log
11:20:59.485 [main] FATAL com.cohort4.cohort4jaxrsapp.dao.UserDao - This is a FATAL log
11:20:59.485 [main] ERROR com.cohort4.cohort4jaxrsapp.dao.UserDao - This is a ERROR log
11:20:59.485 [main] ERROR com.cohort4.cohort4jaxrsapp.dao.UserDao - This is a ERROR log
11:20:59.485 [main] WARN  com.cohort4.cohort4jaxrsapp.dao.UserDao - This is a WARN log
11:20:59.485 [main] WARN  com.cohort4.cohort4jaxrsapp.dao.UserDao - This is a WARN log
11:20:59.485 [main] INFO  com.cohort4.cohort4jaxrsapp.dao.UserDao - This is a INFO log
11:20:59.485 [main] INFO  com.cohort4.cohort4jaxrsapp.dao.UserDao - This is a INFO log
11:20:59.486 [main] DEBUG com.cohort4.cohort4jaxrsapp.dao.UserDao - This is a DEBUG log
11:20:59.486 [main] DEBUG com.cohort4.cohort4jaxrsapp.dao.UserDao - This is a DEBUG log
11:20:59.491 [main] TRACE com.cohort4.cohort4jaxrsapp.dao.UserDao - This is a TRACE log
11:20:59.491 [main] TRACE com.cohort4.cohort4jaxrsapp.dao.UserDao - This is a TRACE log
11:21:52.240 [main] FATAL com.cohort4.cohort4jaxrsapp.dao.UserDao - This is a FATAL log
11:21:52.240 [main] FATAL com.cohort4.cohort4jaxrsapp.dao.UserDao - This is a FATAL log
11:21:52.245 [main] ERROR com.cohort4.cohort4jaxrsapp.dao.UserDao - This is a ERROR log
11:21:52.245 [main] ERROR com.cohort4.cohort4jaxrsapp.dao.UserDao - This is a ERROR log
11:21:52.246 [main] WARN  com.cohort4.cohort4jaxrsapp.dao.UserDao - This is a WARN log
11:21:52.246 [main] WARN  com.cohort4.cohort4jaxrsapp.dao.UserDao - This is a WARN log
11:21:52.246 [main] INFO  com.cohort4.cohort4jaxrsapp.dao.UserDao - This is a INFO log
11:21:52.246 [main] INFO  com.cohort4.cohort4jaxrsapp.dao.UserDao - This is a INFO log
11:21:52.246 [main] DEBUG com.cohort4.cohort4jaxrsapp.dao.UserDao - This is a DEBUG log
11:21:52.246 [main] DEBUG com.cohort4.cohort4jaxrsapp.dao.UserDao - This is a DEBUG log
11:21:52.246 [main] TRACE com.cohort4.cohort4jaxrsapp.dao.UserDao - This is a TRACE log
11:21:52.246 [main] TRACE com.cohort4.cohort4jaxrsapp.dao.UserDao - This is a TRACE log
11:21:52.249 [main] FATAL com.cohort4.cohort4jaxrsapp.dao.UserDao - This is a FATAL log
11:21:52.249 [main] FATAL com.cohort4.cohort4jaxrsapp.dao.UserDao - This is a FATAL log
11:21:52.249 [main] ERROR com.cohort4.cohort4jaxrsapp.dao.UserDao - This is a ERROR log
11:21:52.249 [main] ERROR com.cohort4.cohort4jaxrsapp.dao.UserDao - This is a ERROR log
11:21:52.249 [main] WARN  com.cohort4.cohort4jaxrsapp.dao.UserDao - This is a WARN log
11:21:52.249 [main] WARN  com.cohort4.cohort4jaxrsapp.dao.UserDao - This is a WARN log
11:21:52.250 [main] INFO  com.cohort4.cohort4jaxrsapp.dao.UserDao - This is a INFO log
11:21:52.250 [main] INFO  com.cohort4.cohort4jaxrsapp.dao.UserDao - This is a INFO log
11:21:52.250 [main] DEBUG com.cohort4.cohort4jaxrsapp.dao.UserDao - This is a DEBUG log
11:21:52.250 [main] DEBUG com.cohort4.cohort4jaxrsapp.dao.UserDao - This is a DEBUG log
11:21:52.250 [main] TRACE com.cohort4.cohort4jaxrsapp.dao.UserDao - This is a TRACE log
11:21:52.250 [main] TRACE com.cohort4.cohort4jaxrsapp.dao.UserDao - This is a TRACE log
11:21:53.786 [main] FATAL com.cohort4.cohort4jaxrsapp.dao.UserDao - This is a FATAL log
11:21:53.786 [main] FATAL com.cohort4.cohort4jaxrsapp.dao.UserDao - This is a FATAL log
11:21:53.790 [main] ERROR com.cohort4.cohort4jaxrsapp.dao.UserDao - This is a ERROR log
11:21:53.790 [main] ERROR com.cohort4.cohort4jaxrsapp.dao.UserDao - This is a ERROR log
11:21:53.790 [main] WARN  com.cohort4.cohort4jaxrsapp.dao.UserDao - This is a WARN log
11:21:53.790 [main] WARN  com.cohort4.cohort4jaxrsapp.dao.UserDao - This is a WARN log
11:21:53.790 [main] INFO  com.cohort4.cohort4jaxrsapp.dao.UserDao - This is a INFO log
11:21:53.790 [main] INFO  com.cohort4.cohort4jaxrsapp.dao.UserDao - This is a INFO log
11:21:53.790 [main] DEBUG com.cohort4.cohort4jaxrsapp.dao.UserDao - This is a DEBUG log
11:21:53.790 [main] DEBUG com.cohort4.cohort4jaxrsapp.dao.UserDao - This is a DEBUG log
11:21:53.790 [main] TRACE com.cohort4.cohort4jaxrsapp.dao.UserDao - This is a TRACE log
11:21:53.790 [main] TRACE com.cohort4.cohort4jaxrsapp.dao.UserDao - This is a TRACE log
11:21:53.793 [main] FATAL com.cohort4.cohort4jaxrsapp.dao.UserDao - This is a FATAL log
11:21:53.793 [main] FATAL com.cohort4.cohort4jaxrsapp.dao.UserDao - This is a FATAL log
11:21:53.793 [main] ERROR com.cohort4.cohort4jaxrsapp.dao.UserDao - This is a ERROR log
11:21:53.793 [main] ERROR com.cohort4.cohort4jaxrsapp.dao.UserDao - This is a ERROR log
11:21:53.793 [main] WARN  com.cohort4.cohort4jaxrsapp.dao.UserDao - This is a WARN log
11:21:53.793 [main] WARN  com.cohort4.cohort4jaxrsapp.dao.UserDao - This is a WARN log
11:21:53.793 [main] INFO  com.cohort4.cohort4jaxrsapp.dao.UserDao - This is a INFO log
11:21:53.793 [main] INFO  com.cohort4.cohort4jaxrsapp.dao.UserDao - This is a INFO log
11:21:53.793 [main] DEBUG com.cohort4.cohort4jaxrsapp.dao.UserDao - This is a DEBUG log
11:21:53.793 [main] DEBUG com.cohort4.cohort4jaxrsapp.dao.UserDao - This is a DEBUG log
11:21:53.799 [main] TRACE com.cohort4.cohort4jaxrsapp.dao.UserDao - This is a TRACE log
11:21:53.799 [main] TRACE com.cohort4.cohort4jaxrsapp.dao.UserDao - This is a TRACE log
10:18:32.544 [main] FATAL com.cohort4.cohort4jaxrsapp.dao.UserDao - This is a FATAL log
10:18:32.544 [main] FATAL com.cohort4.cohort4jaxrsapp.dao.UserDao - This is a FATAL log
10:18:32.551 [main] ERROR com.cohort4.cohort4jaxrsapp.dao.UserDao - This is a ERROR log
10:18:32.551 [main] ERROR com.cohort4.cohort4jaxrsapp.dao.UserDao - This is a ERROR log
10:18:32.551 [main] WARN  com.cohort4.cohort4jaxrsapp.dao.UserDao - This is a WARN log
10:18:32.551 [main] WARN  com.cohort4.cohort4jaxrsapp.dao.UserDao - This is a WARN log
10:18:32.552 [main] INFO  com.cohort4.cohort4jaxrsapp.dao.UserDao - This is a INFO log
10:18:32.552 [main] INFO  com.cohort4.cohort4jaxrsapp.dao.UserDao - This is a INFO log
10:18:32.552 [main] DEBUG com.cohort4.cohort4jaxrsapp.dao.UserDao - This is a DEBUG log
10:18:32.552 [main] DEBUG com.cohort4.cohort4jaxrsapp.dao.UserDao - This is a DEBUG log
10:18:32.552 [main] TRACE com.cohort4.cohort4jaxrsapp.dao.UserDao - This is a TRACE log
10:18:32.552 [main] TRACE com.cohort4.cohort4jaxrsapp.dao.UserDao - This is a TRACE log
10:18:32.554 [main] FATAL com.cohort4.cohort4jaxrsapp.dao.UserDao - This is a FATAL log
10:18:32.554 [main] FATAL com.cohort4.cohort4jaxrsapp.dao.UserDao - This is a FATAL log
10:18:32.554 [main] ERROR com.cohort4.cohort4jaxrsapp.dao.UserDao - This is a ERROR log
10:18:32.554 [main] ERROR com.cohort4.cohort4jaxrsapp.dao.UserDao - This is a ERROR log
10:18:32.555 [main] WARN  com.cohort4.cohort4jaxrsapp.dao.UserDao - This is a WARN log
10:18:32.555 [main] WARN  com.cohort4.cohort4jaxrsapp.dao.UserDao - This is a WARN log
10:18:32.555 [main] INFO  com.cohort4.cohort4jaxrsapp.dao.UserDao - This is a INFO log
10:18:32.555 [main] INFO  com.cohort4.cohort4jaxrsapp.dao.UserDao - This is a INFO log
10:18:32.555 [main] DEBUG com.cohort4.cohort4jaxrsapp.dao.UserDao - This is a DEBUG log
10:18:32.555 [main] DEBUG com.cohort4.cohort4jaxrsapp.dao.UserDao - This is a DEBUG log
10:18:32.555 [main] TRACE com.cohort4.cohort4jaxrsapp.dao.UserDao - This is a TRACE log
10:18:32.555 [main] TRACE com.cohort4.cohort4jaxrsapp.dao.UserDao - This is a TRACE log
10:19:59.260 [main] FATAL com.cohort4.cohort4jaxrsapp.dao.UserDao - This is a FATAL log
10:19:59.260 [main] FATAL com.cohort4.cohort4jaxrsapp.dao.UserDao - This is a FATAL log
10:19:59.266 [main] ERROR com.cohort4.cohort4jaxrsapp.dao.UserDao - This is a ERROR log
10:19:59.266 [main] ERROR com.cohort4.cohort4jaxrsapp.dao.UserDao - This is a ERROR log
10:19:59.266 [main] WARN  com.cohort4.cohort4jaxrsapp.dao.UserDao - This is a WARN log
10:19:59.266 [main] WARN  com.cohort4.cohort4jaxrsapp.dao.UserDao - This is a WARN log
10:19:59.266 [main] INFO  com.cohort4.cohort4jaxrsapp.dao.UserDao - This is a INFO log
10:19:59.266 [main] INFO  com.cohort4.cohort4jaxrsapp.dao.UserDao - This is a INFO log
10:19:59.267 [main] DEBUG com.cohort4.cohort4jaxrsapp.dao.UserDao - This is a DEBUG log
10:19:59.267 [main] DEBUG com.cohort4.cohort4jaxrsapp.dao.UserDao - This is a DEBUG log
10:19:59.267 [main] TRACE com.cohort4.cohort4jaxrsapp.dao.UserDao - This is a TRACE log
10:19:59.267 [main] TRACE com.cohort4.cohort4jaxrsapp.dao.UserDao - This is a TRACE log
10:19:59.269 [main] FATAL com.cohort4.cohort4jaxrsapp.dao.UserDao - This is a FATAL log
10:19:59.269 [main] FATAL com.cohort4.cohort4jaxrsapp.dao.UserDao - This is a FATAL log
10:19:59.269 [main] ERROR com.cohort4.cohort4jaxrsapp.dao.UserDao - This is a ERROR log
10:19:59.269 [main] ERROR com.cohort4.cohort4jaxrsapp.dao.UserDao - This is a ERROR log
10:19:59.269 [main] WARN  com.cohort4.cohort4jaxrsapp.dao.UserDao - This is a WARN log
10:19:59.269 [main] WARN  com.cohort4.cohort4jaxrsapp.dao.UserDao - This is a WARN log
10:19:59.269 [main] INFO  com.cohort4.cohort4jaxrsapp.dao.UserDao - This is a INFO log
10:19:59.269 [main] INFO  com.cohort4.cohort4jaxrsapp.dao.UserDao - This is a INFO log
10:19:59.269 [main] DEBUG com.cohort4.cohort4jaxrsapp.dao.UserDao - This is a DEBUG log
10:19:59.269 [main] DEBUG com.cohort4.cohort4jaxrsapp.dao.UserDao - This is a DEBUG log
10:19:59.276 [main] TRACE com.cohort4.cohort4jaxrsapp.dao.UserDao - This is a TRACE log
10:19:59.276 [main] TRACE com.cohort4.cohort4jaxrsapp.dao.UserDao - This is a TRACE log
10:19:59.693 [main] INFO  com.cohort4.cohort4jaxrsapp.config.DbConnection - DB SUCCESS :  Connection Successful
10:19:59.693 [main] INFO  com.cohort4.cohort4jaxrsapp.config.DbConnection - DB SUCCESS :  Connection Successful
10:20:30.296 [main] ERROR com.cohort4.cohort4jaxrsapp.config.DbConnection - 52514534 DB ERROR :  Connection failed - Access denied for user 'root'@'localhost' (using password: YES)
10:20:30.296 [main] ERROR com.cohort4.cohort4jaxrsapp.config.DbConnection - 52514534 DB ERROR :  Connection failed - Access denied for user 'root'@'localhost' (using password: YES)
10:53:09.899 [main] INFO  com.cohort4.cohort4jaxrsapp.config.DbConnection - DB SUCCESS :  Connection Successful
10:53:09.899 [main] INFO  com.cohort4.cohort4jaxrsapp.config.DbConnection - DB SUCCESS :  Connection Successful
11:25:12.313 [main] INFO  com.cohort4.cohort4jaxrsapp.config.DbConnection - DB SUCCESS :  Connection Successful
11:25:12.313 [main] INFO  com.cohort4.cohort4jaxrsapp.config.DbConnection - DB SUCCESS :  Connection Successful
11:25:30.380 [main] INFO  com.cohort4.cohort4jaxrsapp.config.DbConnection - DB SUCCESS :  Connection Successful
11:25:30.380 [main] INFO  com.cohort4.cohort4jaxrsapp.config.DbConnection - DB SUCCESS :  Connection Successful
11:25:39.381 [main] INFO  com.cohort4.cohort4jaxrsapp.config.DbConnection - DB SUCCESS :  Connection Successful
11:25:39.381 [main] INFO  com.cohort4.cohort4jaxrsapp.config.DbConnection - DB SUCCESS :  Connection Successful
11:53:34.618 [main] INFO  com.cohort4.cohort4jaxrsapp.config.DbConnection - DB SUCCESS :  Connection Successful
11:53:34.618 [main] INFO  com.cohort4.cohort4jaxrsapp.config.DbConnection - DB SUCCESS :  Connection Successful
11:53:34.681 [main] INFO  com.cohort4.cohort4jaxrsapp.config.DbConnection - DB SUCCESS :  Connection Successful
11:53:34.681 [main] INFO  com.cohort4.cohort4jaxrsapp.config.DbConnection - DB SUCCESS :  Connection Successful
11:21:00.982 [main] INFO  com.cohort4.cohort4jaxrsapp.config.DbConnection - DB SUCCESS :  Connection Successful
11:21:00.982 [main] INFO  com.cohort4.cohort4jaxrsapp.config.DbConnection - DB SUCCESS :  Connection Successful
11:21:01.029 [main] ERROR com.cohort4.cohort4jaxrsapp.dao.UserDao - SQL ERROR :  Could not insert data - Data truncation: Data too long for column 'password' at row 1
11:21:01.029 [main] ERROR com.cohort4.cohort4jaxrsapp.dao.UserDao - SQL ERROR :  Could not insert data - Data truncation: Data too long for column 'password' at row 1
11:21:01.066 [main] INFO  com.cohort4.cohort4jaxrsapp.config.DbConnection - DB SUCCESS :  Connection Successful
11:21:01.066 [main] INFO  com.cohort4.cohort4jaxrsapp.config.DbConnection - DB SUCCESS :  Connection Successful
11:21:01.096 [main] INFO  com.cohort4.cohort4jaxrsapp.config.DbConnection - DB SUCCESS :  Connection Successful
11:21:01.096 [main] INFO  com.cohort4.cohort4jaxrsapp.config.DbConnection - DB SUCCESS :  Connection Successful
12:05:29.272 [main] INFO  com.cohort4.cohort4jaxrsapp.config.DbConnection - DB SUCCESS :  Connection Successful
12:05:29.272 [main] INFO  com.cohort4.cohort4jaxrsapp.config.DbConnection - DB SUCCESS :  Connection Successful
12:05:53.858 [main] INFO  com.cohort4.cohort4jaxrsapp.config.DbConnection - DB SUCCESS :  Connection Successful
12:05:53.858 [main] INFO  com.cohort4.cohort4jaxrsapp.config.DbConnection - DB SUCCESS :  Connection Successful
12:06:15.669 [main] INFO  com.cohort4.cohort4jaxrsapp.config.DbConnection - DB SUCCESS :  Connection Successful
12:06:15.669 [main] INFO  com.cohort4.cohort4jaxrsapp.config.DbConnection - DB SUCCESS :  Connection Successful
